Using pre-set license
Built from '2020.3/release' branch; Version is '2020.3.15f2 (6cf78cb77498) revision 7141260'; Using compiler version '192528614'; Build Type 'Release'
OS: 'Windows 10 Home Single Language; OS build 19043.1165; Version 2009; 64bit' Language: 'en' Physical Memory: 7123 MB
BatchMode: 1, IsHumanControllingUs: 0, StartBugReporterOnCrash: 0, Is64bit: 1, IsPro: 0

 COMMAND LINE ARGUMENTS:
C:\Program Files\UnityEditor\2020.3.15f2\Editor\Unity.exe
-adb2
-batchMode
-noUpm
-name
AssetImportWorker0
-projectPath
C:/Users/rizky/Documents/UnityProject/Regresi_Korelasi
-logFile
Logs/AssetImportWorker0.log
-srvPort
54169
Successfully changed project path to: C:/Users/rizky/Documents/UnityProject/Regresi_Korelasi
C:/Users/rizky/Documents/UnityProject/Regresi_Korelasi
Using Asset Import Pipeline V2.
Refreshing native plugins compatible for Editor in 43.65 ms, found 2 plugins.
Preloading 0 native plugins for Editor in 0.00 ms.
Initialize engine version: 2020.3.15f2 (6cf78cb77498)
[Subsystems] Discovering subsystems at path C:/Program Files/UnityEditor/2020.3.15f2/Editor/Data/Resources/UnitySubsystems
[Subsystems] Discovering subsystems at path C:/Users/rizky/Documents/UnityProject/Regresi_Korelasi/Assets
GfxDevice: creating device client; threaded=0
Direct3D:
    Version:  Direct3D 11.0 [level 11.1]
    Renderer: AMD Radeon(TM) Vega 8 Graphics (ID=0x15dd)
    Vendor:   
    VRAM:     3561 MB
    Driver:   27.20.22001.14011
Initialize mono
Mono path[0] = 'C:/Program Files/UnityEditor/2020.3.15f2/Editor/Data/Managed'
Mono path[1] = 'C:/Program Files/UnityEditor/2020.3.15f2/Editor/Data/MonoBleedingEdge/lib/mono/unityjit'
Mono config path = 'C:/Program Files/UnityEditor/2020.3.15f2/Editor/Data/MonoBleedingEdge/etc'
Using monoOptions --debugger-agent=transport=dt_socket,embedding=1,server=y,suspend=n,address=127.0.0.1:56212
Begin MonoManager ReloadAssembly
Registering precompiled unity dll's ...
Register platform support module: C:/Program Files/UnityEditor/2020.3.15f2/Editor/Data/PlaybackEngines/WindowsStandaloneSupport/UnityEditor.WindowsStandalone.Extensions.dll
Registered in 0.003025 seconds.
Native extension for WindowsStandalone target not found
Refreshing native plugins compatible for Editor in 40.07 ms, found 2 plugins.
Preloading 0 native plugins for Editor in 0.00 ms.
Mono: successfully reloaded assembly
- Completed reload, in  1.930 seconds
Domain Reload Profiling:
	ReloadAssembly (1930ms)
		BeginReloadAssembly (81ms)
			ExecutionOrderSort (0ms)
			DisableScriptedObjects (0ms)
			BackupInstance (0ms)
			ReleaseScriptingObjects (0ms)
			CreateAndSetChildDomain (1ms)
		EndReloadAssembly (647ms)
			LoadAssemblies (76ms)
			RebuildTransferFunctionScriptingTraits (0ms)
			SetupTypeCache (255ms)
			ReleaseScriptCaches (0ms)
			RebuildScriptCaches (47ms)
			SetupLoadedEditorAssemblies (230ms)
				LogAssemblyErrors (0ms)
				InitializePlatformSupportModulesInManaged (5ms)
				SetLoadedEditorAssemblies (0ms)
				RefreshPlugins (40ms)
				BeforeProcessingInitializeOnLoad (13ms)
				ProcessInitializeOnLoadAttributes (129ms)
				ProcessInitializeOnLoadMethodAttributes (42ms)
				AfterProcessingInitializeOnLoad (0ms)
				EditorAssembliesLoaded (0ms)
			ExecutionOrderSort2 (0ms)
			AwakeInstancesAfterBackupRestoration (0ms)
Platform modules already initialized, skipping
Registering precompiled user dll's ...
Registered in 0.008257 seconds.
Begin MonoManager ReloadAssembly
Native extension for WindowsStandalone target not found
Refreshing native plugins compatible for Editor in 0.39 ms, found 2 plugins.
Preloading 0 native plugins for Editor in 0.00 ms.
Mono: successfully reloaded assembly
- Completed reload, in  1.594 seconds
Domain Reload Profiling:
	ReloadAssembly (1595ms)
		BeginReloadAssembly (213ms)
			ExecutionOrderSort (0ms)
			DisableScriptedObjects (6ms)
			BackupInstance (0ms)
			ReleaseScriptingObjects (0ms)
			CreateAndSetChildDomain (31ms)
		EndReloadAssembly (1287ms)
			LoadAssemblies (129ms)
			RebuildTransferFunctionScriptingTraits (0ms)
			SetupTypeCache (353ms)
			ReleaseScriptCaches (1ms)
			RebuildScriptCaches (66ms)
			SetupLoadedEditorAssemblies (605ms)
				LogAssemblyErrors (0ms)
				InitializePlatformSupportModulesInManaged (6ms)
				SetLoadedEditorAssemblies (1ms)
				RefreshPlugins (0ms)
				BeforeProcessingInitializeOnLoad (143ms)
				ProcessInitializeOnLoadAttributes (440ms)
				ProcessInitializeOnLoadMethodAttributes (6ms)
				AfterProcessingInitializeOnLoad (10ms)
				EditorAssembliesLoaded (0ms)
			ExecutionOrderSort2 (0ms)
			AwakeInstancesAfterBackupRestoration (9ms)
Platform modules already initialized, skipping
========================================================================
Worker process is ready to serve import requests
Launched and connected shader compiler UnityShaderCompiler.exe after 0.09 seconds
Refreshing native plugins compatible for Editor in 0.41 ms, found 2 plugins.
Preloading 0 native plugins for Editor in 0.00 ms.
Unloading 1399 Unused Serialized files (Serialized files now loaded: 0)
System memory in use before: 65.1 MB.
System memory in use after: 65.2 MB.

Unloading 19 unused Assets to reduce memory usage. Loaded Objects now: 1833.
Total: 2.776300 ms (FindLiveObjects: 0.210900 ms CreateObjectMapping: 0.048600 ms MarkObjects: 2.402900 ms  DeleteObjects: 0.112400 ms)

AssetImportParameters requested are different than current active one (requested -> active):
  custom:framework-win-MediaFoundation: 216162199b28c13a410421893ffa2e32 -> 
  custom:video-decoder-ogg-theora: a1e56fd34408186e4bbccfd4996cb3dc -> 
  custom:container-muxer-webm: aa71ff27fc2769a1b78a27578f13a17b -> 
  custom:container-demuxer-webm: 4f35f7cbe854078d1ac9338744f61a02 -> 
  custom:container-demuxer-ogg: 62fdf1f143b41e24485cea50d1cbac27 -> 
  custom:video-encoder-webm-vp8: eb34c28f22e8b96e1ab97ce403110664 -> 
  custom:video-decoder-webm-vp8: 9c59270c3fd7afecdb556c50c9e8de78 -> 
  custom:audio-decoder-ogg-vorbis: bf7c407c2cedff20999df2af8eb42d56 -> 
  custom:audio-encoder-webm-vorbis: bf7c407c2cedff20999df2af8eb42d56 -> 
========================================================================
Received Import Request.
  path: Assets/dataReport.csv
  artifactKey: Guid(d6186426c4a92eb458b64d54b12f8dc8) Importer(815301076,1909f56bfc062723c751e8b465ee728b)
Start importing Assets/dataReport.csv using Guid(d6186426c4a92eb458b64d54b12f8dc8) Importer(815301076,1909f56bfc062723c751e8b465ee728b)  -> (artifact id: '00000000000000000000000000000000') in 0.039038 seconds  code(4) message(Build asset version error: assets/datareport.csv in SourceAssetDB has modification time of '2021-08-12T05:49:25.736388Z' while content on disk has modification time of '2021-09-01T08:48:29.0306331Z')
  ERROR: Build asset version error: assets/datareport.csv in SourceAssetDB has modification time of '2021-08-12T05:49:25.736388Z' while content on disk has modification time of '2021-09-01T08:48:29.0306331Z'
  Import took 0.041858 seconds .

========================================================================
Received Import Request.
  Time since last request: 0.073118 seconds.
  path: Assets/dataReport.csv
  artifactKey: Guid(d6186426c4a92eb458b64d54b12f8dc8) Importer(815301076,1909f56bfc062723c751e8b465ee728b)
Start importing Assets/dataReport.csv using Guid(d6186426c4a92eb458b64d54b12f8dc8) Importer(815301076,1909f56bfc062723c751e8b465ee728b)  -> (artifact id: '00000000000000000000000000000000') in 0.002213 seconds  code(4) message(Build asset version error: assets/datareport.csv in SourceAssetDB has modification time of '2021-08-12T05:49:25.736388Z' while content on disk has modification time of '2021-09-01T08:48:29.0306331Z')
  ERROR: Build asset version error: assets/datareport.csv in SourceAssetDB has modification time of '2021-08-12T05:49:25.736388Z' while content on disk has modification time of '2021-09-01T08:48:29.0306331Z'
  Import took 0.006868 seconds .

========================================================================
Received Import Request.
  Time since last request: 0.025155 seconds.
  path: Assets/dataReport.csv
  artifactKey: Guid(d6186426c4a92eb458b64d54b12f8dc8) Importer(815301076,1909f56bfc062723c751e8b465ee728b)
Start importing Assets/dataReport.csv using Guid(d6186426c4a92eb458b64d54b12f8dc8) Importer(815301076,1909f56bfc062723c751e8b465ee728b)  -> (artifact id: '00000000000000000000000000000000') in 0.001504 seconds  code(4) message(Build asset version error: assets/datareport.csv in SourceAssetDB has modification time of '2021-08-12T05:49:25.736388Z' while content on disk has modification time of '2021-09-01T08:48:29.0306331Z')
  ERROR: Build asset version error: assets/datareport.csv in SourceAssetDB has modification time of '2021-08-12T05:49:25.736388Z' while content on disk has modification time of '2021-09-01T08:48:29.0306331Z'
  Import took 0.004478 seconds .

========================================================================
Received Import Request.
  Time since last request: 0.022467 seconds.
  path: Assets/dataReport.csv
  artifactKey: Guid(d6186426c4a92eb458b64d54b12f8dc8) Importer(815301076,1909f56bfc062723c751e8b465ee728b)
Start importing Assets/dataReport.csv using Guid(d6186426c4a92eb458b64d54b12f8dc8) Importer(815301076,1909f56bfc062723c751e8b465ee728b)  -> (artifact id: '00000000000000000000000000000000') in 0.001092 seconds  code(4) message(Build asset version error: assets/datareport.csv in SourceAssetDB has modification time of '2021-08-12T05:49:25.736388Z' while content on disk has modification time of '2021-09-01T08:48:29.0306331Z')
  ERROR: Build asset version error: assets/datareport.csv in SourceAssetDB has modification time of '2021-08-12T05:49:25.736388Z' while content on disk has modification time of '2021-09-01T08:48:29.0306331Z'
  Import took 0.004058 seconds .

========================================================================
Received Import Request.
  Time since last request: 0.017881 seconds.
  path: Assets/dataReport.csv
  artifactKey: Guid(d6186426c4a92eb458b64d54b12f8dc8) Importer(815301076,1909f56bfc062723c751e8b465ee728b)
Start importing Assets/dataReport.csv using Guid(d6186426c4a92eb458b64d54b12f8dc8) Importer(815301076,1909f56bfc062723c751e8b465ee728b)  -> (artifact id: '00000000000000000000000000000000') in 0.001063 seconds  code(4) message(Build asset version error: assets/datareport.csv in SourceAssetDB has modification time of '2021-08-12T05:49:25.736388Z' while content on disk has modification time of '2021-09-01T08:48:29.0306331Z')
  ERROR: Build asset version error: assets/datareport.csv in SourceAssetDB has modification time of '2021-08-12T05:49:25.736388Z' while content on disk has modification time of '2021-09-01T08:48:29.0306331Z'
  Import took 0.003759 seconds .

========================================================================
Received Import Request.
  Time since last request: 0.018760 seconds.
  path: Assets/dataReport.csv
  artifactKey: Guid(d6186426c4a92eb458b64d54b12f8dc8) Importer(815301076,1909f56bfc062723c751e8b465ee728b)
Start importing Assets/dataReport.csv using Guid(d6186426c4a92eb458b64d54b12f8dc8) Importer(815301076,1909f56bfc062723c751e8b465ee728b)  -> (artifact id: '00000000000000000000000000000000') in 0.001037 seconds  code(4) message(Build asset version error: assets/datareport.csv in SourceAssetDB has modification time of '2021-08-12T05:49:25.736388Z' while content on disk has modification time of '2021-09-01T08:48:29.0306331Z')
  ERROR: Build asset version error: assets/datareport.csv in SourceAssetDB has modification time of '2021-08-12T05:49:25.736388Z' while content on disk has modification time of '2021-09-01T08:48:29.0306331Z'
  Import took 0.003667 seconds .

========================================================================
Received Import Request.
  Time since last request: 0.025253 seconds.
  path: Assets/dataReport.csv
  artifactKey: Guid(d6186426c4a92eb458b64d54b12f8dc8) Importer(815301076,1909f56bfc062723c751e8b465ee728b)
Start importing Assets/dataReport.csv using Guid(d6186426c4a92eb458b64d54b12f8dc8) Importer(815301076,1909f56bfc062723c751e8b465ee728b)  -> (artifact id: '00000000000000000000000000000000') in 0.002334 seconds  code(4) message(Build asset version error: assets/datareport.csv in SourceAssetDB has modification time of '2021-08-12T05:49:25.736388Z' while content on disk has modification time of '2021-09-01T08:48:29.0306331Z')
  ERROR: Build asset version error: assets/datareport.csv in SourceAssetDB has modification time of '2021-08-12T05:49:25.736388Z' while content on disk has modification time of '2021-09-01T08:48:29.0306331Z'
  Import took 0.005849 seconds .

========================================================================
Received Import Request.
  Time since last request: 0.022899 seconds.
  path: Assets/dataReport.csv
  artifactKey: Guid(d6186426c4a92eb458b64d54b12f8dc8) Importer(815301076,1909f56bfc062723c751e8b465ee728b)
Start importing Assets/dataReport.csv using Guid(d6186426c4a92eb458b64d54b12f8dc8) Importer(815301076,1909f56bfc062723c751e8b465ee728b)  -> (artifact id: '00000000000000000000000000000000') in 0.001643 seconds  code(4) message(Build asset version error: assets/datareport.csv in SourceAssetDB has modification time of '2021-08-12T05:49:25.736388Z' while content on disk has modification time of '2021-09-01T08:48:29.0306331Z')
  ERROR: Build asset version error: assets/datareport.csv in SourceAssetDB has modification time of '2021-08-12T05:49:25.736388Z' while content on disk has modification time of '2021-09-01T08:48:29.0306331Z'
  Import took 0.005973 seconds .

========================================================================
Received Import Request.
  Time since last request: 0.028752 seconds.
  path: Assets/dataReport.csv
  artifactKey: Guid(d6186426c4a92eb458b64d54b12f8dc8) Importer(815301076,1909f56bfc062723c751e8b465ee728b)
Start importing Assets/dataReport.csv using Guid(d6186426c4a92eb458b64d54b12f8dc8) Importer(815301076,1909f56bfc062723c751e8b465ee728b)  -> (artifact id: '00000000000000000000000000000000') in 0.001373 seconds  code(4) message(Build asset version error: assets/datareport.csv in SourceAssetDB has modification time of '2021-08-12T05:49:25.736388Z' while content on disk has modification time of '2021-09-01T08:48:29.0306331Z')
  ERROR: Build asset version error: assets/datareport.csv in SourceAssetDB has modification time of '2021-08-12T05:49:25.736388Z' while content on disk has modification time of '2021-09-01T08:48:29.0306331Z'
  Import took 0.004956 seconds .

========================================================================
Received Import Request.
  Time since last request: 0.025793 seconds.
  path: Assets/dataReport.csv
  artifactKey: Guid(d6186426c4a92eb458b64d54b12f8dc8) Importer(815301076,1909f56bfc062723c751e8b465ee728b)
Start importing Assets/dataReport.csv using Guid(d6186426c4a92eb458b64d54b12f8dc8) Importer(815301076,1909f56bfc062723c751e8b465ee728b)  -> (artifact id: '00000000000000000000000000000000') in 0.001290 seconds  code(4) message(Build asset version error: assets/datareport.csv in SourceAssetDB has modification time of '2021-08-12T05:49:25.736388Z' while content on disk has modification time of '2021-09-01T08:48:29.0306331Z')
  ERROR: Build asset version error: assets/datareport.csv in SourceAssetDB has modification time of '2021-08-12T05:49:25.736388Z' while content on disk has modification time of '2021-09-01T08:48:29.0306331Z'
  Import took 0.004774 seconds .

========================================================================
Received Import Request.
  Time since last request: 0.026832 seconds.
  path: Assets/dataReport.csv
  artifactKey: Guid(d6186426c4a92eb458b64d54b12f8dc8) Importer(815301076,1909f56bfc062723c751e8b465ee728b)
Start importing Assets/dataReport.csv using Guid(d6186426c4a92eb458b64d54b12f8dc8) Importer(815301076,1909f56bfc062723c751e8b465ee728b)  -> (artifact id: '00000000000000000000000000000000') in 0.001507 seconds  code(4) message(Build asset version error: assets/datareport.csv in SourceAssetDB has modification time of '2021-08-12T05:49:25.736388Z' while content on disk has modification time of '2021-09-01T08:48:29.0306331Z')
  ERROR: Build asset version error: assets/datareport.csv in SourceAssetDB has modification time of '2021-08-12T05:49:25.736388Z' while content on disk has modification time of '2021-09-01T08:48:29.0306331Z'
  Import took 0.005518 seconds .

========================================================================
Received Import Request.
  Time since last request: 0.030646 seconds.
  path: Assets/dataReport.csv
  artifactKey: Guid(d6186426c4a92eb458b64d54b12f8dc8) Importer(815301076,1909f56bfc062723c751e8b465ee728b)
Start importing Assets/dataReport.csv using Guid(d6186426c4a92eb458b64d54b12f8dc8) Importer(815301076,1909f56bfc062723c751e8b465ee728b)  -> (artifact id: '00000000000000000000000000000000') in 0.001472 seconds  code(4) message(Build asset version error: assets/datareport.csv in SourceAssetDB has modification time of '2021-08-12T05:49:25.736388Z' while content on disk has modification time of '2021-09-01T08:48:29.0306331Z')
  ERROR: Build asset version error: assets/datareport.csv in SourceAssetDB has modification time of '2021-08-12T05:49:25.736388Z' while content on disk has modification time of '2021-09-01T08:48:29.0306331Z'
  Import took 0.005170 seconds .

========================================================================
Received Import Request.
  Time since last request: 0.023850 seconds.
  path: Assets/dataReport.csv
  artifactKey: Guid(d6186426c4a92eb458b64d54b12f8dc8) Importer(815301076,1909f56bfc062723c751e8b465ee728b)
Start importing Assets/dataReport.csv using Guid(d6186426c4a92eb458b64d54b12f8dc8) Importer(815301076,1909f56bfc062723c751e8b465ee728b)  -> (artifact id: '00000000000000000000000000000000') in 0.001081 seconds  code(4) message(Build asset version error: assets/datareport.csv in SourceAssetDB has modification time of '2021-08-12T05:49:25.736388Z' while content on disk has modification time of '2021-09-01T08:48:29.0306331Z')
  ERROR: Build asset version error: assets/datareport.csv in SourceAssetDB has modification time of '2021-08-12T05:49:25.736388Z' while content on disk has modification time of '2021-09-01T08:48:29.0306331Z'
  Import took 0.004419 seconds .

========================================================================
Received Import Request.
  Time since last request: 0.024832 seconds.
  path: Assets/dataReport.csv
  artifactKey: Guid(d6186426c4a92eb458b64d54b12f8dc8) Importer(815301076,1909f56bfc062723c751e8b465ee728b)
Start importing Assets/dataReport.csv using Guid(d6186426c4a92eb458b64d54b12f8dc8) Importer(815301076,1909f56bfc062723c751e8b465ee728b)  -> (artifact id: '00000000000000000000000000000000') in 0.001072 seconds  code(4) message(Build asset version error: assets/datareport.csv in SourceAssetDB has modification time of '2021-08-12T05:49:25.736388Z' while content on disk has modification time of '2021-09-01T08:48:29.0306331Z')
  ERROR: Build asset version error: assets/datareport.csv in SourceAssetDB has modification time of '2021-08-12T05:49:25.736388Z' while content on disk has modification time of '2021-09-01T08:48:29.0306331Z'
  Import took 0.003824 seconds .

========================================================================
Received Import Request.
  Time since last request: 0.021701 seconds.
  path: Assets/dataReport.csv
  artifactKey: Guid(d6186426c4a92eb458b64d54b12f8dc8) Importer(815301076,1909f56bfc062723c751e8b465ee728b)
Start importing Assets/dataReport.csv using Guid(d6186426c4a92eb458b64d54b12f8dc8) Importer(815301076,1909f56bfc062723c751e8b465ee728b)  -> (artifact id: '00000000000000000000000000000000') in 0.001107 seconds  code(4) message(Build asset version error: assets/datareport.csv in SourceAssetDB has modification time of '2021-08-12T05:49:25.736388Z' while content on disk has modification time of '2021-09-01T08:48:29.0306331Z')
  ERROR: Build asset version error: assets/datareport.csv in SourceAssetDB has modification time of '2021-08-12T05:49:25.736388Z' while content on disk has modification time of '2021-09-01T08:48:29.0306331Z'
  Import took 0.004542 seconds .

========================================================================
Received Import Request.
  Time since last request: 0.019851 seconds.
  path: Assets/dataReport.csv
  artifactKey: Guid(d6186426c4a92eb458b64d54b12f8dc8) Importer(815301076,1909f56bfc062723c751e8b465ee728b)
Start importing Assets/dataReport.csv using Guid(d6186426c4a92eb458b64d54b12f8dc8) Importer(815301076,1909f56bfc062723c751e8b465ee728b)  -> (artifact id: '00000000000000000000000000000000') in 0.001076 seconds  code(4) message(Build asset version error: assets/datareport.csv in SourceAssetDB has modification time of '2021-08-12T05:49:25.736388Z' while content on disk has modification time of '2021-09-01T08:48:29.0306331Z')
  ERROR: Build asset version error: assets/datareport.csv in SourceAssetDB has modification time of '2021-08-12T05:49:25.736388Z' while content on disk has modification time of '2021-09-01T08:48:29.0306331Z'
  Import took 0.004135 seconds .

========================================================================
Received Import Request.
  Time since last request: 0.018562 seconds.
  path: Assets/dataReport.csv
  artifactKey: Guid(d6186426c4a92eb458b64d54b12f8dc8) Importer(815301076,1909f56bfc062723c751e8b465ee728b)
Start importing Assets/dataReport.csv using Guid(d6186426c4a92eb458b64d54b12f8dc8) Importer(815301076,1909f56bfc062723c751e8b465ee728b)  -> (artifact id: '00000000000000000000000000000000') in 0.001258 seconds  code(4) message(Build asset version error: assets/datareport.csv in SourceAssetDB has modification time of '2021-08-12T05:49:25.736388Z' while content on disk has modification time of '2021-09-01T08:48:29.0306331Z')
  ERROR: Build asset version error: assets/datareport.csv in SourceAssetDB has modification time of '2021-08-12T05:49:25.736388Z' while content on disk has modification time of '2021-09-01T08:48:29.0306331Z'
  Import took 0.005202 seconds .

========================================================================
Received Import Request.
  Time since last request: 0.022599 seconds.
  path: Assets/dataReport.csv
  artifactKey: Guid(d6186426c4a92eb458b64d54b12f8dc8) Importer(815301076,1909f56bfc062723c751e8b465ee728b)
Start importing Assets/dataReport.csv using Guid(d6186426c4a92eb458b64d54b12f8dc8) Importer(815301076,1909f56bfc062723c751e8b465ee728b)  -> (artifact id: '00000000000000000000000000000000') in 0.001172 seconds  code(4) message(Build asset version error: assets/datareport.csv in SourceAssetDB has modification time of '2021-08-12T05:49:25.736388Z' while content on disk has modification time of '2021-09-01T08:48:29.0306331Z')
  ERROR: Build asset version error: assets/datareport.csv in SourceAssetDB has modification time of '2021-08-12T05:49:25.736388Z' while content on disk has modification time of '2021-09-01T08:48:29.0306331Z'
  Import took 0.004607 seconds .

========================================================================
Received Import Request.
  Time since last request: 0.017221 seconds.
  path: Assets/dataReport.csv
  artifactKey: Guid(d6186426c4a92eb458b64d54b12f8dc8) Importer(815301076,1909f56bfc062723c751e8b465ee728b)
Start importing Assets/dataReport.csv using Guid(d6186426c4a92eb458b64d54b12f8dc8) Importer(815301076,1909f56bfc062723c751e8b465ee728b)  -> (artifact id: '00000000000000000000000000000000') in 0.001118 seconds  code(4) message(Build asset version error: assets/datareport.csv in SourceAssetDB has modification time of '2021-08-12T05:49:25.736388Z' while content on disk has modification time of '2021-09-01T08:48:29.0306331Z')
  ERROR: Build asset version error: assets/datareport.csv in SourceAssetDB has modification time of '2021-08-12T05:49:25.736388Z' while content on disk has modification time of '2021-09-01T08:48:29.0306331Z'
  Import took 0.004532 seconds .

========================================================================
Received Import Request.
  Time since last request: 0.020400 seconds.
  path: Assets/dataReport.csv
  artifactKey: Guid(d6186426c4a92eb458b64d54b12f8dc8) Importer(815301076,1909f56bfc062723c751e8b465ee728b)
Start importing Assets/dataReport.csv using Guid(d6186426c4a92eb458b64d54b12f8dc8) Importer(815301076,1909f56bfc062723c751e8b465ee728b)  -> (artifact id: '00000000000000000000000000000000') in 0.001254 seconds  code(4) message(Build asset version error: assets/datareport.csv in SourceAssetDB has modification time of '2021-08-12T05:49:25.736388Z' while content on disk has modification time of '2021-09-01T08:48:29.0306331Z')
  ERROR: Build asset version error: assets/datareport.csv in SourceAssetDB has modification time of '2021-08-12T05:49:25.736388Z' while content on disk has modification time of '2021-09-01T08:48:29.0306331Z'
  Import took 0.004549 seconds .

========================================================================
Received Import Request.
  Time since last request: 0.020886 seconds.
  path: Assets/dataReport.csv
  artifactKey: Guid(d6186426c4a92eb458b64d54b12f8dc8) Importer(815301076,1909f56bfc062723c751e8b465ee728b)
Start importing Assets/dataReport.csv using Guid(d6186426c4a92eb458b64d54b12f8dc8) Importer(815301076,1909f56bfc062723c751e8b465ee728b)  -> (artifact id: '00000000000000000000000000000000') in 0.000895 seconds  code(4) message(Build asset version error: assets/datareport.csv in SourceAssetDB has modification time of '2021-08-12T05:49:25.736388Z' while content on disk has modification time of '2021-09-01T08:48:29.0306331Z')
  ERROR: Build asset version error: assets/datareport.csv in SourceAssetDB has modification time of '2021-08-12T05:49:25.736388Z' while content on disk has modification time of '2021-09-01T08:48:29.0306331Z'
  Import took 0.003623 seconds .

========================================================================
Received Import Request.
  Time since last request: 0.017568 seconds.
  path: Assets/dataReport.csv
  artifactKey: Guid(d6186426c4a92eb458b64d54b12f8dc8) Importer(815301076,1909f56bfc062723c751e8b465ee728b)
Start importing Assets/dataReport.csv using Guid(d6186426c4a92eb458b64d54b12f8dc8) Importer(815301076,1909f56bfc062723c751e8b465ee728b)  -> (artifact id: '00000000000000000000000000000000') in 0.000886 seconds  code(4) message(Build asset version error: assets/datareport.csv in SourceAssetDB has modification time of '2021-08-12T05:49:25.736388Z' while content on disk has modification time of '2021-09-01T08:48:29.0306331Z')
  ERROR: Build asset version error: assets/datareport.csv in SourceAssetDB has modification time of '2021-08-12T05:49:25.736388Z' while content on disk has modification time of '2021-09-01T08:48:29.0306331Z'
  Import took 0.003763 seconds .

========================================================================
Received Import Request.
  Time since last request: 0.016252 seconds.
  path: Assets/dataReport.csv
  artifactKey: Guid(d6186426c4a92eb458b64d54b12f8dc8) Importer(815301076,1909f56bfc062723c751e8b465ee728b)
Start importing Assets/dataReport.csv using Guid(d6186426c4a92eb458b64d54b12f8dc8) Importer(815301076,1909f56bfc062723c751e8b465ee728b)  -> (artifact id: '00000000000000000000000000000000') in 0.000964 seconds  code(4) message(Build asset version error: assets/datareport.csv in SourceAssetDB has modification time of '2021-08-12T05:49:25.736388Z' while content on disk has modification time of '2021-09-01T08:48:29.0306331Z')
  ERROR: Build asset version error: assets/datareport.csv in SourceAssetDB has modification time of '2021-08-12T05:49:25.736388Z' while content on disk has modification time of '2021-09-01T08:48:29.0306331Z'
  Import took 0.004488 seconds .

========================================================================
Received Import Request.
  Time since last request: 0.019556 seconds.
  path: Assets/dataReport.csv
  artifactKey: Guid(d6186426c4a92eb458b64d54b12f8dc8) Importer(815301076,1909f56bfc062723c751e8b465ee728b)
Start importing Assets/dataReport.csv using Guid(d6186426c4a92eb458b64d54b12f8dc8) Importer(815301076,1909f56bfc062723c751e8b465ee728b)  -> (artifact id: '00000000000000000000000000000000') in 0.001027 seconds  code(4) message(Build asset version error: assets/datareport.csv in SourceAssetDB has modification time of '2021-08-12T05:49:25.736388Z' while content on disk has modification time of '2021-09-01T08:48:29.0306331Z')
  ERROR: Build asset version error: assets/datareport.csv in SourceAssetDB has modification time of '2021-08-12T05:49:25.736388Z' while content on disk has modification time of '2021-09-01T08:48:29.0306331Z'
  Import took 0.004197 seconds .

========================================================================
Received Import Request.
  Time since last request: 0.018959 seconds.
  path: Assets/dataReport.csv
  artifactKey: Guid(d6186426c4a92eb458b64d54b12f8dc8) Importer(815301076,1909f56bfc062723c751e8b465ee728b)
Start importing Assets/dataReport.csv using Guid(d6186426c4a92eb458b64d54b12f8dc8) Importer(815301076,1909f56bfc062723c751e8b465ee728b)  -> (artifact id: '00000000000000000000000000000000') in 0.001158 seconds  code(4) message(Build asset version error: assets/datareport.csv in SourceAssetDB has modification time of '2021-08-12T05:49:25.736388Z' while content on disk has modification time of '2021-09-01T08:48:29.0306331Z')
  ERROR: Build asset version error: assets/datareport.csv in SourceAssetDB has modification time of '2021-08-12T05:49:25.736388Z' while content on disk has modification time of '2021-09-01T08:48:29.0306331Z'
  Import took 0.005099 seconds .

========================================================================
Received Import Request.
  Time since last request: 0.017512 seconds.
  path: Assets/dataReport.csv
  artifactKey: Guid(d6186426c4a92eb458b64d54b12f8dc8) Importer(815301076,1909f56bfc062723c751e8b465ee728b)
Start importing Assets/dataReport.csv using Guid(d6186426c4a92eb458b64d54b12f8dc8) Importer(815301076,1909f56bfc062723c751e8b465ee728b)  -> (artifact id: '00000000000000000000000000000000') in 0.001368 seconds  code(4) message(Build asset version error: assets/datareport.csv in SourceAssetDB has modification time of '2021-08-12T05:49:25.736388Z' while content on disk has modification time of '2021-09-01T08:48:29.0306331Z')
  ERROR: Build asset version error: assets/datareport.csv in SourceAssetDB has modification time of '2021-08-12T05:49:25.736388Z' while content on disk has modification time of '2021-09-01T08:48:29.0306331Z'
  Import took 0.005191 seconds .

========================================================================
Received Import Request.
  Time since last request: 0.018303 seconds.
  path: Assets/dataReport.csv
  artifactKey: Guid(d6186426c4a92eb458b64d54b12f8dc8) Importer(815301076,1909f56bfc062723c751e8b465ee728b)
Start importing Assets/dataReport.csv using Guid(d6186426c4a92eb458b64d54b12f8dc8) Importer(815301076,1909f56bfc062723c751e8b465ee728b)  -> (artifact id: '00000000000000000000000000000000') in 0.001045 seconds  code(4) message(Build asset version error: assets/datareport.csv in SourceAssetDB has modification time of '2021-08-12T05:49:25.736388Z' while content on disk has modification time of '2021-09-01T08:48:29.0306331Z')
  ERROR: Build asset version error: assets/datareport.csv in SourceAssetDB has modification time of '2021-08-12T05:49:25.736388Z' while content on disk has modification time of '2021-09-01T08:48:29.0306331Z'
  Import took 0.004361 seconds .

========================================================================
Received Import Request.
  Time since last request: 0.027045 seconds.
  path: Assets/dataReport.csv
  artifactKey: Guid(d6186426c4a92eb458b64d54b12f8dc8) Importer(815301076,1909f56bfc062723c751e8b465ee728b)
Start importing Assets/dataReport.csv using Guid(d6186426c4a92eb458b64d54b12f8dc8) Importer(815301076,1909f56bfc062723c751e8b465ee728b)  -> (artifact id: '00000000000000000000000000000000') in 0.000977 seconds  code(4) message(Build asset version error: assets/datareport.csv in SourceAssetDB has modification time of '2021-08-12T05:49:25.736388Z' while content on disk has modification time of '2021-09-01T08:48:29.0306331Z')
  ERROR: Build asset version error: assets/datareport.csv in SourceAssetDB has modification time of '2021-08-12T05:49:25.736388Z' while content on disk has modification time of '2021-09-01T08:48:29.0306331Z'
  Import took 0.003568 seconds .

========================================================================
Received Import Request.
  Time since last request: 0.021451 seconds.
  path: Assets/dataReport.csv
  artifactKey: Guid(d6186426c4a92eb458b64d54b12f8dc8) Importer(815301076,1909f56bfc062723c751e8b465ee728b)
Start importing Assets/dataReport.csv using Guid(d6186426c4a92eb458b64d54b12f8dc8) Importer(815301076,1909f56bfc062723c751e8b465ee728b)  -> (artifact id: '00000000000000000000000000000000') in 0.001165 seconds  code(4) message(Build asset version error: assets/datareport.csv in SourceAssetDB has modification time of '2021-08-12T05:49:25.736388Z' while content on disk has modification time of '2021-09-01T08:48:29.0306331Z')
  ERROR: Build asset version error: assets/datareport.csv in SourceAssetDB has modification time of '2021-08-12T05:49:25.736388Z' while content on disk has modification time of '2021-09-01T08:48:29.0306331Z'
  Import took 0.004936 seconds .

========================================================================
Received Import Request.
  Time since last request: 0.018232 seconds.
  path: Assets/dataReport.csv
  artifactKey: Guid(d6186426c4a92eb458b64d54b12f8dc8) Importer(815301076,1909f56bfc062723c751e8b465ee728b)
Start importing Assets/dataReport.csv using Guid(d6186426c4a92eb458b64d54b12f8dc8) Importer(815301076,1909f56bfc062723c751e8b465ee728b)  -> (artifact id: '00000000000000000000000000000000') in 0.000987 seconds  code(4) message(Build asset version error: assets/datareport.csv in SourceAssetDB has modification time of '2021-08-12T05:49:25.736388Z' while content on disk has modification time of '2021-09-01T08:48:29.0306331Z')
  ERROR: Build asset version error: assets/datareport.csv in SourceAssetDB has modification time of '2021-08-12T05:49:25.736388Z' while content on disk has modification time of '2021-09-01T08:48:29.0306331Z'
  Import took 0.003682 seconds .

========================================================================
Received Import Request.
  Time since last request: 0.023368 seconds.
  path: Assets/dataReport.csv
  artifactKey: Guid(d6186426c4a92eb458b64d54b12f8dc8) Importer(815301076,1909f56bfc062723c751e8b465ee728b)
Start importing Assets/dataReport.csv using Guid(d6186426c4a92eb458b64d54b12f8dc8) Importer(815301076,1909f56bfc062723c751e8b465ee728b)  -> (artifact id: '00000000000000000000000000000000') in 0.001024 seconds  code(4) message(Build asset version error: assets/datareport.csv in SourceAssetDB has modification time of '2021-08-12T05:49:25.736388Z' while content on disk has modification time of '2021-09-01T08:48:29.0306331Z')
  ERROR: Build asset version error: assets/datareport.csv in SourceAssetDB has modification time of '2021-08-12T05:49:25.736388Z' while content on disk has modification time of '2021-09-01T08:48:29.0306331Z'
  Import took 0.004410 seconds .

========================================================================
Received Import Request.
  Time since last request: 0.018235 seconds.
  path: Assets/dataReport.csv
  artifactKey: Guid(d6186426c4a92eb458b64d54b12f8dc8) Importer(815301076,1909f56bfc062723c751e8b465ee728b)
Start importing Assets/dataReport.csv using Guid(d6186426c4a92eb458b64d54b12f8dc8) Importer(815301076,1909f56bfc062723c751e8b465ee728b)  -> (artifact id: '00000000000000000000000000000000') in 0.001018 seconds  code(4) message(Build asset version error: assets/datareport.csv in SourceAssetDB has modification time of '2021-08-12T05:49:25.736388Z' while content on disk has modification time of '2021-09-01T08:48:29.0306331Z')
  ERROR: Build asset version error: assets/datareport.csv in SourceAssetDB has modification time of '2021-08-12T05:49:25.736388Z' while content on disk has modification time of '2021-09-01T08:48:29.0306331Z'
  Import took 0.003677 seconds .

========================================================================
Received Import Request.
  Time since last request: 0.018135 seconds.
  path: Assets/dataReport.csv
  artifactKey: Guid(d6186426c4a92eb458b64d54b12f8dc8) Importer(815301076,1909f56bfc062723c751e8b465ee728b)
Start importing Assets/dataReport.csv using Guid(d6186426c4a92eb458b64d54b12f8dc8) Importer(815301076,1909f56bfc062723c751e8b465ee728b)  -> (artifact id: '00000000000000000000000000000000') in 0.001021 seconds  code(4) message(Build asset version error: assets/datareport.csv in SourceAssetDB has modification time of '2021-08-12T05:49:25.736388Z' while content on disk has modification time of '2021-09-01T08:48:29.0306331Z')
  ERROR: Build asset version error: assets/datareport.csv in SourceAssetDB has modification time of '2021-08-12T05:49:25.736388Z' while content on disk has modification time of '2021-09-01T08:48:29.0306331Z'
  Import took 0.003841 seconds .

========================================================================
Received Import Request.
  Time since last request: 0.019288 seconds.
  path: Assets/dataReport.csv
  artifactKey: Guid(d6186426c4a92eb458b64d54b12f8dc8) Importer(815301076,1909f56bfc062723c751e8b465ee728b)
Start importing Assets/dataReport.csv using Guid(d6186426c4a92eb458b64d54b12f8dc8) Importer(815301076,1909f56bfc062723c751e8b465ee728b)  -> (artifact id: '00000000000000000000000000000000') in 0.001122 seconds  code(4) message(Build asset version error: assets/datareport.csv in SourceAssetDB has modification time of '2021-08-12T05:49:25.736388Z' while content on disk has modification time of '2021-09-01T08:48:29.0306331Z')
  ERROR: Build asset version error: assets/datareport.csv in SourceAssetDB has modification time of '2021-08-12T05:49:25.736388Z' while content on disk has modification time of '2021-09-01T08:48:29.0306331Z'
  Import took 0.004618 seconds .

========================================================================
Received Import Request.
  Time since last request: 0.016628 seconds.
  path: Assets/dataReport.csv
  artifactKey: Guid(d6186426c4a92eb458b64d54b12f8dc8) Importer(815301076,1909f56bfc062723c751e8b465ee728b)
Start importing Assets/dataReport.csv using Guid(d6186426c4a92eb458b64d54b12f8dc8) Importer(815301076,1909f56bfc062723c751e8b465ee728b)  -> (artifact id: '00000000000000000000000000000000') in 0.001736 seconds  code(4) message(Build asset version error: assets/datareport.csv in SourceAssetDB has modification time of '2021-08-12T05:49:25.736388Z' while content on disk has modification time of '2021-09-01T08:48:29.0306331Z')
  ERROR: Build asset version error: assets/datareport.csv in SourceAssetDB has modification time of '2021-08-12T05:49:25.736388Z' while content on disk has modification time of '2021-09-01T08:48:29.0306331Z'
  Import took 0.004441 seconds .

========================================================================
Received Import Request.
  Time since last request: 0.020389 seconds.
  path: Assets/dataReport.csv
  artifactKey: Guid(d6186426c4a92eb458b64d54b12f8dc8) Importer(815301076,1909f56bfc062723c751e8b465ee728b)
Start importing Assets/dataReport.csv using Guid(d6186426c4a92eb458b64d54b12f8dc8) Importer(815301076,1909f56bfc062723c751e8b465ee728b)  -> (artifact id: '00000000000000000000000000000000') in 0.001389 seconds  code(4) message(Build asset version error: assets/datareport.csv in SourceAssetDB has modification time of '2021-08-12T05:49:25.736388Z' while content on disk has modification time of '2021-09-01T08:48:29.0306331Z')
  ERROR: Build asset version error: assets/datareport.csv in SourceAssetDB has modification time of '2021-08-12T05:49:25.736388Z' while content on disk has modification time of '2021-09-01T08:48:29.0306331Z'
  Import took 0.004823 seconds .

========================================================================
Received Import Request.
  Time since last request: 0.018967 seconds.
  path: Assets/dataReport.csv
  artifactKey: Guid(d6186426c4a92eb458b64d54b12f8dc8) Importer(815301076,1909f56bfc062723c751e8b465ee728b)
Start importing Assets/dataReport.csv using Guid(d6186426c4a92eb458b64d54b12f8dc8) Importer(815301076,1909f56bfc062723c751e8b465ee728b)  -> (artifact id: '00000000000000000000000000000000') in 0.001450 seconds  code(4) message(Build asset version error: assets/datareport.csv in SourceAssetDB has modification time of '2021-08-12T05:49:25.736388Z' while content on disk has modification time of '2021-09-01T08:48:29.0306331Z')
  ERROR: Build asset version error: assets/datareport.csv in SourceAssetDB has modification time of '2021-08-12T05:49:25.736388Z' while content on disk has modification time of '2021-09-01T08:48:29.0306331Z'
  Import took 0.004703 seconds .

========================================================================
Received Import Request.
  Time since last request: 0.018247 seconds.
  path: Assets/dataReport.csv
  artifactKey: Guid(d6186426c4a92eb458b64d54b12f8dc8) Importer(815301076,1909f56bfc062723c751e8b465ee728b)
Start importing Assets/dataReport.csv using Guid(d6186426c4a92eb458b64d54b12f8dc8) Importer(815301076,1909f56bfc062723c751e8b465ee728b)  -> (artifact id: '00000000000000000000000000000000') in 0.001167 seconds  code(4) message(Build asset version error: assets/datareport.csv in SourceAssetDB has modification time of '2021-08-12T05:49:25.736388Z' while content on disk has modification time of '2021-09-01T08:48:29.0306331Z')
  ERROR: Build asset version error: assets/datareport.csv in SourceAssetDB has modification time of '2021-08-12T05:49:25.736388Z' while content on disk has modification time of '2021-09-01T08:48:29.0306331Z'
  Import took 0.004109 seconds .

========================================================================
Received Import Request.
  Time since last request: 0.028311 seconds.
  path: Assets/dataReport.csv
  artifactKey: Guid(d6186426c4a92eb458b64d54b12f8dc8) Importer(815301076,1909f56bfc062723c751e8b465ee728b)
Start importing Assets/dataReport.csv using Guid(d6186426c4a92eb458b64d54b12f8dc8) Importer(815301076,1909f56bfc062723c751e8b465ee728b)  -> (artifact id: '00000000000000000000000000000000') in 0.001372 seconds  code(4) message(Build asset version error: assets/datareport.csv in SourceAssetDB has modification time of '2021-08-12T05:49:25.736388Z' while content on disk has modification time of '2021-09-01T08:48:29.0306331Z')
  ERROR: Build asset version error: assets/datareport.csv in SourceAssetDB has modification time of '2021-08-12T05:49:25.736388Z' while content on disk has modification time of '2021-09-01T08:48:29.0306331Z'
  Import took 0.006063 seconds .

========================================================================
Received Import Request.
  Time since last request: 0.022221 seconds.
  path: Assets/dataReport.csv
  artifactKey: Guid(d6186426c4a92eb458b64d54b12f8dc8) Importer(815301076,1909f56bfc062723c751e8b465ee728b)
Start importing Assets/dataReport.csv using Guid(d6186426c4a92eb458b64d54b12f8dc8) Importer(815301076,1909f56bfc062723c751e8b465ee728b)  -> (artifact id: '00000000000000000000000000000000') in 0.000973 seconds  code(4) message(Build asset version error: assets/datareport.csv in SourceAssetDB has modification time of '2021-08-12T05:49:25.736388Z' while content on disk has modification time of '2021-09-01T08:48:29.0306331Z')
  ERROR: Build asset version error: assets/datareport.csv in SourceAssetDB has modification time of '2021-08-12T05:49:25.736388Z' while content on disk has modification time of '2021-09-01T08:48:29.0306331Z'
  Import took 0.003739 seconds .

========================================================================
Received Import Request.
  Time since last request: 0.021380 seconds.
  path: Assets/dataReport.csv
  artifactKey: Guid(d6186426c4a92eb458b64d54b12f8dc8) Importer(815301076,1909f56bfc062723c751e8b465ee728b)
Start importing Assets/dataReport.csv using Guid(d6186426c4a92eb458b64d54b12f8dc8) Importer(815301076,1909f56bfc062723c751e8b465ee728b)  -> (artifact id: '00000000000000000000000000000000') in 0.001337 seconds  code(4) message(Build asset version error: assets/datareport.csv in SourceAssetDB has modification time of '2021-08-12T05:49:25.736388Z' while content on disk has modification time of '2021-09-01T08:48:29.0306331Z')
  ERROR: Build asset version error: assets/datareport.csv in SourceAssetDB has modification time of '2021-08-12T05:49:25.736388Z' while content on disk has modification time of '2021-09-01T08:48:29.0306331Z'
  Import took 0.005289 seconds .

========================================================================
Received Import Request.
  Time since last request: 0.024515 seconds.
  path: Assets/dataReport.csv
  artifactKey: Guid(d6186426c4a92eb458b64d54b12f8dc8) Importer(815301076,1909f56bfc062723c751e8b465ee728b)
Start importing Assets/dataReport.csv using Guid(d6186426c4a92eb458b64d54b12f8dc8) Importer(815301076,1909f56bfc062723c751e8b465ee728b)  -> (artifact id: '00000000000000000000000000000000') in 0.001209 seconds  code(4) message(Build asset version error: assets/datareport.csv in SourceAssetDB has modification time of '2021-08-12T05:49:25.736388Z' while content on disk has modification time of '2021-09-01T08:48:29.0306331Z')
  ERROR: Build asset version error: assets/datareport.csv in SourceAssetDB has modification time of '2021-08-12T05:49:25.736388Z' while content on disk has modification time of '2021-09-01T08:48:29.0306331Z'
  Import took 0.004982 seconds .

========================================================================
Received Import Request.
  Time since last request: 0.022516 seconds.
  path: Assets/dataReport.csv
  artifactKey: Guid(d6186426c4a92eb458b64d54b12f8dc8) Importer(815301076,1909f56bfc062723c751e8b465ee728b)
Start importing Assets/dataReport.csv using Guid(d6186426c4a92eb458b64d54b12f8dc8) Importer(815301076,1909f56bfc062723c751e8b465ee728b)  -> (artifact id: '00000000000000000000000000000000') in 0.001278 seconds  code(4) message(Build asset version error: assets/datareport.csv in SourceAssetDB has modification time of '2021-08-12T05:49:25.736388Z' while content on disk has modification time of '2021-09-01T08:48:29.0306331Z')
  ERROR: Build asset version error: assets/datareport.csv in SourceAssetDB has modification time of '2021-08-12T05:49:25.736388Z' while content on disk has modification time of '2021-09-01T08:48:29.0306331Z'
  Import took 0.004704 seconds .

========================================================================
Received Import Request.
  Time since last request: 0.023685 seconds.
  path: Assets/dataReport.csv
  artifactKey: Guid(d6186426c4a92eb458b64d54b12f8dc8) Importer(815301076,1909f56bfc062723c751e8b465ee728b)
Start importing Assets/dataReport.csv using Guid(d6186426c4a92eb458b64d54b12f8dc8) Importer(815301076,1909f56bfc062723c751e8b465ee728b)  -> (artifact id: '00000000000000000000000000000000') in 0.001493 seconds  code(4) message(Build asset version error: assets/datareport.csv in SourceAssetDB has modification time of '2021-08-12T05:49:25.736388Z' while content on disk has modification time of '2021-09-01T08:48:29.0306331Z')
  ERROR: Build asset version error: assets/datareport.csv in SourceAssetDB has modification time of '2021-08-12T05:49:25.736388Z' while content on disk has modification time of '2021-09-01T08:48:29.0306331Z'
  Import took 0.005720 seconds .

========================================================================
Received Import Request.
  Time since last request: 0.025793 seconds.
  path: Assets/dataReport.csv
  artifactKey: Guid(d6186426c4a92eb458b64d54b12f8dc8) Importer(815301076,1909f56bfc062723c751e8b465ee728b)
Start importing Assets/dataReport.csv using Guid(d6186426c4a92eb458b64d54b12f8dc8) Importer(815301076,1909f56bfc062723c751e8b465ee728b)  -> (artifact id: '00000000000000000000000000000000') in 0.001293 seconds  code(4) message(Build asset version error: assets/datareport.csv in SourceAssetDB has modification time of '2021-08-12T05:49:25.736388Z' while content on disk has modification time of '2021-09-01T08:48:29.0306331Z')
  ERROR: Build asset version error: assets/datareport.csv in SourceAssetDB has modification time of '2021-08-12T05:49:25.736388Z' while content on disk has modification time of '2021-09-01T08:48:29.0306331Z'
  Import took 0.004911 seconds .

========================================================================
Received Import Request.
  Time since last request: 0.021895 seconds.
  path: Assets/dataReport.csv
  artifactKey: Guid(d6186426c4a92eb458b64d54b12f8dc8) Importer(815301076,1909f56bfc062723c751e8b465ee728b)
Start importing Assets/dataReport.csv using Guid(d6186426c4a92eb458b64d54b12f8dc8) Importer(815301076,1909f56bfc062723c751e8b465ee728b)  -> (artifact id: '00000000000000000000000000000000') in 0.001681 seconds  code(4) message(Build asset version error: assets/datareport.csv in SourceAssetDB has modification time of '2021-08-12T05:49:25.736388Z' while content on disk has modification time of '2021-09-01T08:48:29.0306331Z')
  ERROR: Build asset version error: assets/datareport.csv in SourceAssetDB has modification time of '2021-08-12T05:49:25.736388Z' while content on disk has modification time of '2021-09-01T08:48:29.0306331Z'
  Import took 0.005471 seconds .

========================================================================
Received Import Request.
  Time since last request: 0.024884 seconds.
  path: Assets/dataReport.csv
  artifactKey: Guid(d6186426c4a92eb458b64d54b12f8dc8) Importer(815301076,1909f56bfc062723c751e8b465ee728b)
Start importing Assets/dataReport.csv using Guid(d6186426c4a92eb458b64d54b12f8dc8) Importer(815301076,1909f56bfc062723c751e8b465ee728b)  -> (artifact id: '00000000000000000000000000000000') in 0.001325 seconds  code(4) message(Build asset version error: assets/datareport.csv in SourceAssetDB has modification time of '2021-08-12T05:49:25.736388Z' while content on disk has modification time of '2021-09-01T08:48:29.0306331Z')
  ERROR: Build asset version error: assets/datareport.csv in SourceAssetDB has modification time of '2021-08-12T05:49:25.736388Z' while content on disk has modification time of '2021-09-01T08:48:29.0306331Z'
  Import took 0.005049 seconds .

========================================================================
Received Import Request.
  Time since last request: 0.029379 seconds.
  path: Assets/dataReport.csv
  artifactKey: Guid(d6186426c4a92eb458b64d54b12f8dc8) Importer(815301076,1909f56bfc062723c751e8b465ee728b)
Start importing Assets/dataReport.csv using Guid(d6186426c4a92eb458b64d54b12f8dc8) Importer(815301076,1909f56bfc062723c751e8b465ee728b)  -> (artifact id: '00000000000000000000000000000000') in 0.001497 seconds  code(4) message(Build asset version error: assets/datareport.csv in SourceAssetDB has modification time of '2021-08-12T05:49:25.736388Z' while content on disk has modification time of '2021-09-01T08:48:29.0306331Z')
  ERROR: Build asset version error: assets/datareport.csv in SourceAssetDB has modification time of '2021-08-12T05:49:25.736388Z' while content on disk has modification time of '2021-09-01T08:48:29.0306331Z'
  Import took 0.005575 seconds .

========================================================================
Received Prepare
Refreshing native plugins compatible for Editor in 4.34 ms, found 2 plugins.
Preloading 0 native plugins for Editor in 0.00 ms.
Unloading 12 Unused Serialized files (Serialized files now loaded: 0)
System memory in use before: 37.6 MB.
System memory in use after: 37.6 MB.

Unloading 12 unused Assets to reduce memory usage. Loaded Objects now: 1833.
Total: 4.972900 ms (FindLiveObjects: 0.235000 ms CreateObjectMapping: 0.057700 ms MarkObjects: 4.595000 ms  DeleteObjects: 0.083200 ms)

AssetImportParameters requested are different than current active one (requested -> active):
  custom:framework-win-MediaFoundation: 216162199b28c13a410421893ffa2e32 -> 
  custom:video-decoder-ogg-theora: a1e56fd34408186e4bbccfd4996cb3dc -> 
  custom:container-muxer-webm: aa71ff27fc2769a1b78a27578f13a17b -> 
  custom:container-demuxer-webm: 4f35f7cbe854078d1ac9338744f61a02 -> 
  custom:container-demuxer-ogg: 62fdf1f143b41e24485cea50d1cbac27 -> 
  custom:video-encoder-webm-vp8: eb34c28f22e8b96e1ab97ce403110664 -> 
  custom:video-decoder-webm-vp8: 9c59270c3fd7afecdb556c50c9e8de78 -> 
  custom:audio-decoder-ogg-vorbis: bf7c407c2cedff20999df2af8eb42d56 -> 
  custom:audio-encoder-webm-vorbis: bf7c407c2cedff20999df2af8eb42d56 -> 
========================================================================
Received Import Request.
  Time since last request: 0.224692 seconds.
  path: Assets/dataReport.csv
  artifactKey: Guid(d6186426c4a92eb458b64d54b12f8dc8) Importer(815301076,1909f56bfc062723c751e8b465ee728b)
Start importing Assets/dataReport.csv using Guid(d6186426c4a92eb458b64d54b12f8dc8) Importer(815301076,1909f56bfc062723c751e8b465ee728b)  -> (artifact id: '29843d50ac7b0b50150cce7c34725218') in 0.012528 seconds 
  Import took 0.016406 seconds .

AssetImportWorkerClient::OnTransportError - code=2 error=End of file
